[0.007s] Invoking command in '/root/catkin_ws/build/pavlov': CMAKE_PREFIX_PATH=${CMAKE_PREFIX_PATH}:/opt/ros/humble /usr/bin/cmake --build /root/catkin_ws/build/pavlov -- -j2 -l2
[0.091s] Invoked command in '/root/catkin_ws/build/pavlov' returned '0': CMAKE_PREFIX_PATH=${CMAKE_PREFIX_PATH}:/opt/ros/humble /usr/bin/cmake --build /root/catkin_ws/build/pavlov -- -j2 -l2
[0.204s] Invoking command in '/root/catkin_ws/build/pavlov': CMAKE_PREFIX_PATH=${CMAKE_PREFIX_PATH}:/opt/ros/humble /usr/bin/cmake --install /root/catkin_ws/build/pavlov
[0.223s] -- Install configuration: ""
[0.224s] -- Up-to-date: /root/catkin_ws/install/pavlov/share/ament_index/resource_index/package_run_dependencies/pavlov
[0.224s] -- Up-to-date: /root/catkin_ws/install/pavlov/share/ament_index/resource_index/parent_prefix_path/pavlov
[0.224s] -- Up-to-date: /root/catkin_ws/install/pavlov/share/pavlov/environment/ament_prefix_path.sh
[0.225s] -- Up-to-date: /root/catkin_ws/install/pavlov/share/pavlov/environment/ament_prefix_path.dsv
[0.225s] -- Up-to-date: /root/catkin_ws/install/pavlov/share/pavlov/environment/path.sh
[0.225s] -- Up-to-date: /root/catkin_ws/install/pavlov/share/pavlov/environment/path.dsv
[0.225s] -- Up-to-date: /root/catkin_ws/install/pavlov/share/pavlov/local_setup.bash
[0.225s] -- Up-to-date: /root/catkin_ws/install/pavlov/share/pavlov/local_setup.sh
[0.225s] -- Up-to-date: /root/catkin_ws/install/pavlov/share/pavlov/local_setup.zsh
[0.226s] -- Up-to-date: /root/catkin_ws/install/pavlov/share/pavlov/local_setup.dsv
[0.226s] -- Installing: /root/catkin_ws/install/pavlov/share/pavlov/package.dsv
[0.226s] -- Up-to-date: /root/catkin_ws/install/pavlov/share/ament_index/resource_index/packages/pavlov
[0.226s] -- Up-to-date: /root/catkin_ws/install/pavlov/share/pavlov/cmake/pavlovConfig.cmake
[0.226s] -- Up-to-date: /root/catkin_ws/install/pavlov/share/pavlov/cmake/pavlovConfig-version.cmake
[0.226s] -- Up-to-date: /root/catkin_ws/install/pavlov/share/pavlov/package.xml
[0.226s] -- Installing: /root/catkin_ws/install/pavlov/lib/pavlov/listener.py
[0.236s] Invoked command in '/root/catkin_ws/build/pavlov' returned '0': CMAKE_PREFIX_PATH=${CMAKE_PREFIX_PATH}:/opt/ros/humble /usr/bin/cmake --install /root/catkin_ws/build/pavlov
