[0.029s] Invoking command in '/root/catkin_ws/build/pavlov': CMAKE_PREFIX_PATH=${CMAKE_PREFIX_PATH}:/opt/ros/humble /usr/bin/cmake --build /root/catkin_ws/build/pavlov -- -j2 -l2
[0.073s] -- Found ament_cmake: 1.3.8 (/opt/ros/humble/share/ament_cmake/cmake)
[0.256s] -- Found ament_lint_auto: 0.12.10 (/opt/ros/humble/share/ament_lint_auto/cmake)
[0.384s] -- Added test 'flake8' to check Python code syntax and style conventions
[0.385s] -- Added test 'lint_cmake' to check CMake code style
[0.386s] -- Added test 'pep257' to check Python code against some of the docstring style conventions in PEP 257
[0.388s] -- Added test 'xmllint' to check XML markup files
[0.391s] -- Configuring done
[0.398s] -- Generating done
[0.402s] -- Build files have been written to: /root/catkin_ws/build/pavlov
[0.446s] Invoked command in '/root/catkin_ws/build/pavlov' returned '0': CMAKE_PREFIX_PATH=${CMAKE_PREFIX_PATH}:/opt/ros/humble /usr/bin/cmake --build /root/catkin_ws/build/pavlov -- -j2 -l2
[0.514s] Invoking command in '/root/catkin_ws/build/pavlov': CMAKE_PREFIX_PATH=${CMAKE_PREFIX_PATH}:/opt/ros/humble /usr/bin/cmake --install /root/catkin_ws/build/pavlov
[0.530s] -- Install configuration: ""
[0.531s] -- Up-to-date: /root/catkin_ws/install/pavlov/share/ament_index/resource_index/package_run_dependencies/pavlov
[0.534s] -- Up-to-date: /root/catkin_ws/install/pavlov/share/ament_index/resource_index/parent_prefix_path/pavlov
[0.534s] -- Up-to-date: /root/catkin_ws/install/pavlov/share/pavlov/environment/ament_prefix_path.sh
[0.534s] -- Installing: /root/catkin_ws/install/pavlov/share/pavlov/environment/ament_prefix_path.dsv
[0.535s] -- Up-to-date: /root/catkin_ws/install/pavlov/share/pavlov/environment/path.sh
[0.535s] -- Installing: /root/catkin_ws/install/pavlov/share/pavlov/environment/path.dsv
[0.535s] -- Up-to-date: /root/catkin_ws/install/pavlov/share/pavlov/local_setup.bash
[0.535s] -- Up-to-date: /root/catkin_ws/install/pavlov/share/pavlov/local_setup.sh
[0.535s] -- Up-to-date: /root/catkin_ws/install/pavlov/share/pavlov/local_setup.zsh
[0.535s] -- Installing: /root/catkin_ws/install/pavlov/share/pavlov/local_setup.dsv
[0.535s] -- Installing: /root/catkin_ws/install/pavlov/share/pavlov/package.dsv
[0.535s] -- Up-to-date: /root/catkin_ws/install/pavlov/share/ament_index/resource_index/packages/pavlov
[0.535s] -- Up-to-date: /root/catkin_ws/install/pavlov/share/pavlov/cmake/pavlovConfig.cmake
[0.535s] -- Up-to-date: /root/catkin_ws/install/pavlov/share/pavlov/cmake/pavlovConfig-version.cmake
[0.535s] -- Up-to-date: /root/catkin_ws/install/pavlov/share/pavlov/package.xml
[0.535s] -- Installing: /root/catkin_ws/install/pavlov/lib/pavlov/listener.py
[0.547s] Invoked command in '/root/catkin_ws/build/pavlov' returned '0': CMAKE_PREFIX_PATH=${CMAKE_PREFIX_PATH}:/opt/ros/humble /usr/bin/cmake --install /root/catkin_ws/build/pavlov
