[0.053s] Invoking command in '/root/catkin_ws/build/pavlov': CMAKE_PREFIX_PATH=${CMAKE_PREFIX_PATH}:/opt/ros/humble /usr/bin/cmake --build /root/catkin_ws/build/pavlov -- -j2 -l2
[0.163s] Invoked command in '/root/catkin_ws/build/pavlov' returned '0': CMAKE_PREFIX_PATH=${CMAKE_PREFIX_PATH}:/opt/ros/humble /usr/bin/cmake --build /root/catkin_ws/build/pavlov -- -j2 -l2
[0.260s] Invoking command in '/root/catkin_ws/build/pavlov': CMAKE_PREFIX_PATH=${CMAKE_PREFIX_PATH}:/opt/ros/humble /usr/bin/cmake --install /root/catkin_ws/build/pavlov
[0.275s] -- Install configuration: ""
[0.275s] -- Up-to-date: /root/catkin_ws/install/pavlov/share/ament_index/resource_index/package_run_dependencies/pavlov
[0.275s] -- Up-to-date: /root/catkin_ws/install/pavlov/share/ament_index/resource_index/parent_prefix_path/pavlov
[0.276s] -- Up-to-date: /root/catkin_ws/install/pavlov/share/pavlov/environment/ament_prefix_path.sh
[0.276s] -- Up-to-date: /root/catkin_ws/install/pavlov/share/pavlov/environment/ament_prefix_path.dsv
[0.277s] -- Up-to-date: /root/catkin_ws/install/pavlov/share/pavlov/environment/path.sh
[0.277s] -- Up-to-date: /root/catkin_ws/install/pavlov/share/pavlov/environment/path.dsv
[0.278s] -- Up-to-date: /root/catkin_ws/install/pavlov/share/pavlov/local_setup.bash
[0.278s] -- Up-to-date: /root/catkin_ws/install/pavlov/share/pavlov/local_setup.sh
[0.278s] -- Up-to-date: /root/catkin_ws/install/pavlov/share/pavlov/local_setup.zsh
[0.278s] -- Up-to-date: /root/catkin_ws/install/pavlov/share/pavlov/local_setup.dsv
[0.280s] -- Installing: /root/catkin_ws/install/pavlov/share/pavlov/package.dsv
[0.280s] -- Up-to-date: /root/catkin_ws/install/pavlov/share/ament_index/resource_index/packages/pavlov
[0.281s] -- Up-to-date: /root/catkin_ws/install/pavlov/share/pavlov/cmake/pavlovConfig.cmake
[0.281s] -- Up-to-date: /root/catkin_ws/install/pavlov/share/pavlov/cmake/pavlovConfig-version.cmake
[0.281s] -- Up-to-date: /root/catkin_ws/install/pavlov/share/pavlov/package.xml
[0.281s] -- Installing: /root/catkin_ws/install/pavlov/lib/pavlov/listener.py
[0.284s] Invoked command in '/root/catkin_ws/build/pavlov' returned '0': CMAKE_PREFIX_PATH=${CMAKE_PREFIX_PATH}:/opt/ros/humble /usr/bin/cmake --install /root/catkin_ws/build/pavlov
