[0.133s] DEBUG:colcon:Command line arguments: ['/usr/bin/colcon', 'build']
[0.133s] DEBUG:colcon:Parsed command line arguments: Namespace(log_base=None, log_level=None, verb_name='build', build_base='build', install_base='install', merge_install=False, symlink_install=False, test_result_base=None, continue_on_error=False, executor='parallel', parallel_workers=2, event_handlers=None, ignore_user_meta=False, metas=['./colcon.meta'], base_paths=['.'], packages_ignore=None, packages_ignore_regex=None, paths=None, packages_up_to=None, packages_up_to_regex=None, packages_above=None, packages_above_and_dependencies=None, packages_above_depth=None, packages_select_by_dep=None, packages_skip_by_dep=None, packages_skip_up_to=None, packages_select_build_failed=False, packages_skip_build_finished=False, packages_select_test_failures=False, packages_skip_test_passed=False, packages_select=None, packages_skip=None, packages_select_regex=None, packages_skip_regex=None, packages_start=None, packages_end=None, allow_overriding=[], cmake_args=None, cmake_target=None, cmake_target_skip_unavailable=False, cmake_clean_cache=False, cmake_clean_first=False, cmake_force_configure=False, ament_cmake_args=None, catkin_cmake_args=None, catkin_skip_building_tests=False, verb_parser=<colcon_defaults.argument_parser.defaults.DefaultArgumentsDecorator object at 0x7cd2176343a0>, verb_extension=<colcon_core.verb.build.BuildVerb object at 0x7cd2177fbd60>, main=<bound method BuildVerb.main of <colcon_core.verb.build.BuildVerb object at 0x7cd2177fbd60>>)
[0.334s] Level 1:colcon.colcon_core.package_discovery:discover_packages(colcon_meta) check parameters
[0.334s] Level 1:colcon.colcon_core.package_discovery:discover_packages(recursive) check parameters
[0.334s] Level 1:colcon.colcon_core.package_discovery:discover_packages(ignore) check parameters
[0.334s] Level 1:colcon.colcon_core.package_discovery:discover_packages(path) check parameters
[0.334s] Level 1:colcon.colcon_core.package_discovery:discover_packages(colcon_meta) discover
[0.334s] Level 1:colcon.colcon_core.package_discovery:discover_packages(recursive) discover
[0.334s] INFO:colcon.colcon_core.package_discovery:Crawling recursively for packages in '/root/catkin_ws'
[0.334s] Level 1:colcon.colcon_core.package_identification:_identify(.) by extensions ['ignore', 'ignore_ament_install']
[0.334s] Level 1:colcon.colcon_core.package_identification:_identify(.) by extension 'ignore'
[0.334s] Level 1:colcon.colcon_core.package_identification:_identify(.) by extension 'ignore_ament_install'
[0.334s] Level 1:colcon.colcon_core.package_identification:_identify(.) by extensions ['colcon_pkg']
[0.335s] Level 1:colcon.colcon_core.package_identification:_identify(.) by extension 'colcon_pkg'
[0.335s] Level 1:colcon.colcon_core.package_identification:_identify(.) by extensions ['colcon_meta']
[0.335s] Level 1:colcon.colcon_core.package_identification:_identify(.) by extension 'colcon_meta'
[0.335s] Level 1:colcon.colcon_core.package_identification:_identify(.) by extensions ['ros']
[0.335s] Level 1:colcon.colcon_core.package_identification:_identify(.) by extension 'ros'
[0.350s] Level 1:colcon.colcon_core.package_identification:_identify(.) by extensions ['cmake', 'python']
[0.350s] Level 1:colcon.colcon_core.package_identification:_identify(.) by extension 'cmake'
[0.350s] Level 1:colcon.colcon_core.package_identification:_identify(.) by extension 'python'
[0.350s] Level 1:colcon.colcon_core.package_identification:_identify(.) by extensions ['python_setup_py']
[0.350s] Level 1:colcon.colcon_core.package_identification:_identify(.) by extension 'python_setup_py'
[0.350s] Level 1:colcon.colcon_core.package_identification:_identify(build) by extensions ['ignore', 'ignore_ament_install']
[0.350s] Level 1:colcon.colcon_core.package_identification:_identify(build) by extension 'ignore'
[0.350s] Level 1:colcon.colcon_core.package_identification:_identify(build) ignored
[0.350s] Level 1:colcon.colcon_core.package_identification:_identify(install) by extensions ['ignore', 'ignore_ament_install']
[0.350s] Level 1:colcon.colcon_core.package_identification:_identify(install) by extension 'ignore'
[0.350s] Level 1:colcon.colcon_core.package_identification:_identify(install) ignored
[0.350s] Level 1:colcon.colcon_core.package_identification:_identify(log) by extensions ['ignore', 'ignore_ament_install']
[0.351s] Level 1:colcon.colcon_core.package_identification:_identify(log) by extension 'ignore'
[0.351s] Level 1:colcon.colcon_core.package_identification:_identify(log) ignored
[0.351s] Level 1:colcon.colcon_core.package_identification:_identify(src) by extensions ['ignore', 'ignore_ament_install']
[0.351s] Level 1:colcon.colcon_core.package_identification:_identify(src) by extension 'ignore'
[0.351s] Level 1:colcon.colcon_core.package_identification:_identify(src) by extension 'ignore_ament_install'
[0.351s] Level 1:colcon.colcon_core.package_identification:_identify(src) by extensions ['colcon_pkg']
[0.351s] Level 1:colcon.colcon_core.package_identification:_identify(src) by extension 'colcon_pkg'
[0.351s] Level 1:colcon.colcon_core.package_identification:_identify(src) by extensions ['colcon_meta']
[0.351s] Level 1:colcon.colcon_core.package_identification:_identify(src) by extension 'colcon_meta'
[0.351s] Level 1:colcon.colcon_core.package_identification:_identify(src) by extensions ['ros']
[0.351s] Level 1:colcon.colcon_core.package_identification:_identify(src) by extension 'ros'
[0.351s] Level 1:colcon.colcon_core.package_identification:_identify(src) by extensions ['cmake', 'python']
[0.351s] Level 1:colcon.colcon_core.package_identification:_identify(src) by extension 'cmake'
[0.352s] Level 1:colcon.colcon_core.package_identification:_identify(src) by extension 'python'
[0.352s] Level 1:colcon.colcon_core.package_identification:_identify(src) by extensions ['python_setup_py']
[0.352s] Level 1:colcon.colcon_core.package_identification:_identify(src) by extension 'python_setup_py'
[0.352s] Level 1:colcon.colcon_core.package_identification:_identify(src/pavlov) by extensions ['ignore', 'ignore_ament_install']
[0.352s] Level 1:colcon.colcon_core.package_identification:_identify(src/pavlov) by extension 'ignore'
[0.352s] Level 1:colcon.colcon_core.package_identification:_identify(src/pavlov) by extension 'ignore_ament_install'
[0.352s] Level 1:colcon.colcon_core.package_identification:_identify(src/pavlov) by extensions ['colcon_pkg']
[0.352s] Level 1:colcon.colcon_core.package_identification:_identify(src/pavlov) by extension 'colcon_pkg'
[0.352s] Level 1:colcon.colcon_core.package_identification:_identify(src/pavlov) by extensions ['colcon_meta']
[0.352s] Level 1:colcon.colcon_core.package_identification:_identify(src/pavlov) by extension 'colcon_meta'
[0.352s] Level 1:colcon.colcon_core.package_identification:_identify(src/pavlov) by extensions ['ros']
[0.352s] Level 1:colcon.colcon_core.package_identification:_identify(src/pavlov) by extension 'ros'
[0.355s] DEBUG:colcon.colcon_core.package_identification:Package 'src/pavlov' with type 'ros.ament_cmake' and name 'pavlov'
[0.355s] Level 1:colcon.colcon_core.package_discovery:discover_packages(recursive) using defaults
[0.355s] Level 1:colcon.colcon_core.package_discovery:discover_packages(ignore) discover
[0.355s] Level 1:colcon.colcon_core.package_discovery:discover_packages(ignore) using defaults
[0.355s] Level 1:colcon.colcon_core.package_discovery:discover_packages(path) discover
[0.355s] Level 1:colcon.colcon_core.package_discovery:discover_packages(path) using defaults
[0.380s] Level 1:colcon.colcon_core.package_discovery:discover_packages(prefix_path) check parameters
[0.380s] Level 1:colcon.colcon_core.package_discovery:discover_packages(prefix_path) discover
[0.397s] DEBUG:colcon.colcon_installed_package_information.package_discovery:Found 1 installed packages in /root/catkin_ws/install
[0.400s] DEBUG:colcon.colcon_installed_package_information.package_discovery:Found 385 installed packages in /opt/ros/humble
[0.401s] Level 1:colcon.colcon_core.package_discovery:discover_packages(prefix_path) using defaults
[0.458s] Level 5:colcon.colcon_core.verb:set package 'pavlov' build argument 'cmake_args' from command line to 'None'
[0.458s] Level 5:colcon.colcon_core.verb:set package 'pavlov' build argument 'cmake_target' from command line to 'None'
[0.458s] Level 5:colcon.colcon_core.verb:set package 'pavlov' build argument 'cmake_target_skip_unavailable' from command line to 'False'
[0.458s] Level 5:colcon.colcon_core.verb:set package 'pavlov' build argument 'cmake_clean_cache' from command line to 'False'
[0.458s] Level 5:colcon.colcon_core.verb:set package 'pavlov' build argument 'cmake_clean_first' from command line to 'False'
[0.458s] Level 5:colcon.colcon_core.verb:set package 'pavlov' build argument 'cmake_force_configure' from command line to 'False'
[0.458s] Level 5:colcon.colcon_core.verb:set package 'pavlov' build argument 'ament_cmake_args' from command line to 'None'
[0.458s] Level 5:colcon.colcon_core.verb:set package 'pavlov' build argument 'catkin_cmake_args' from command line to 'None'
[0.459s] Level 5:colcon.colcon_core.verb:set package 'pavlov' build argument 'catkin_skip_building_tests' from command line to 'False'
[0.459s] DEBUG:colcon.colcon_core.verb:Building package 'pavlov' with the following arguments: {'ament_cmake_args': None, 'build_base': '/root/catkin_ws/build/pavlov', 'catkin_cmake_args': None, 'catkin_skip_building_tests': False, 'cmake_args': None, 'cmake_clean_cache': False, 'cmake_clean_first': False, 'cmake_force_configure': False, 'cmake_target': None, 'cmake_target_skip_unavailable': False, 'install_base': '/root/catkin_ws/install/pavlov', 'merge_install': False, 'path': '/root/catkin_ws/src/pavlov', 'symlink_install': False, 'test_result_base': None}
[0.459s] INFO:colcon.colcon_core.executor:Executing jobs using 'parallel' executor
[0.460s] DEBUG:colcon.colcon_parallel_executor.executor.parallel:run_until_complete
[0.460s] INFO:colcon.colcon_ros.task.ament_cmake.build:Building ROS package in '/root/catkin_ws/src/pavlov' with build type 'ament_cmake'
[0.460s] INFO:colcon.colcon_cmake.task.cmake.build:Building CMake package in '/root/catkin_ws/src/pavlov'
[0.463s] INFO:colcon.colcon_core.plugin_system:Skipping extension 'colcon_core.shell.bat': Not used on non-Windows systems
[0.463s] INFO:colcon.colcon_core.shell:Skip shell extension 'powershell' for command environment: Not usable outside of PowerShell
[0.463s] DEBUG:colcon.colcon_core.shell:Skip shell extension 'dsv' for command environment
[0.480s] DEBUG:colcon.colcon_core.event_handler.log_command:Invoking command in '/root/catkin_ws/build/pavlov': CMAKE_PREFIX_PATH=${CMAKE_PREFIX_PATH}:/opt/ros/humble /usr/bin/cmake --build /root/catkin_ws/build/pavlov -- -j2 -l2
[0.555s] DEBUG:colcon.colcon_core.event_handler.log_command:Invoked command in '/root/catkin_ws/build/pavlov' returned '0': CMAKE_PREFIX_PATH=${CMAKE_PREFIX_PATH}:/opt/ros/humble /usr/bin/cmake --build /root/catkin_ws/build/pavlov -- -j2 -l2
[0.652s] DEBUG:colcon.colcon_core.event_handler.log_command:Invoking command in '/root/catkin_ws/build/pavlov': CMAKE_PREFIX_PATH=${CMAKE_PREFIX_PATH}:/opt/ros/humble /usr/bin/cmake --install /root/catkin_ws/build/pavlov
[0.682s] Level 1:colcon.colcon_core.environment:create_environment_scripts_only(pavlov)
[0.684s] DEBUG:colcon.colcon_core.event_handler.log_command:Invoked command in '/root/catkin_ws/build/pavlov' returned '0': CMAKE_PREFIX_PATH=${CMAKE_PREFIX_PATH}:/opt/ros/humble /usr/bin/cmake --install /root/catkin_ws/build/pavlov
[0.686s] Level 1:colcon.colcon_core.environment:checking '/root/catkin_ws/install/pavlov' for CMake module files
[0.687s] Level 1:colcon.colcon_core.environment:checking '/root/catkin_ws/install/pavlov' for CMake config files
[0.687s] Level 1:colcon.colcon_core.shell:create_environment_hook('pavlov', 'cmake_prefix_path')
[0.687s] INFO:colcon.colcon_core.shell:Creating environment hook '/root/catkin_ws/install/pavlov/share/pavlov/hook/cmake_prefix_path.ps1'
[0.688s] INFO:colcon.colcon_core.shell:Creating environment descriptor '/root/catkin_ws/install/pavlov/share/pavlov/hook/cmake_prefix_path.dsv'
[0.689s] INFO:colcon.colcon_core.shell:Creating environment hook '/root/catkin_ws/install/pavlov/share/pavlov/hook/cmake_prefix_path.sh'
[0.699s] Level 1:colcon.colcon_core.environment:checking '/root/catkin_ws/install/pavlov/lib'
[0.699s] Level 1:colcon.colcon_core.environment:checking '/root/catkin_ws/install/pavlov/bin'
[0.699s] Level 1:colcon.colcon_core.environment:checking '/root/catkin_ws/install/pavlov/lib/pkgconfig/pavlov.pc'
[0.699s] Level 1:colcon.colcon_core.environment:checking '/root/catkin_ws/install/pavlov/lib/python3.10/site-packages'
[0.700s] Level 1:colcon.colcon_core.environment:checking '/root/catkin_ws/install/pavlov/bin'
[0.700s] INFO:colcon.colcon_core.shell:Creating package script '/root/catkin_ws/install/pavlov/share/pavlov/package.ps1'
[0.704s] INFO:colcon.colcon_core.shell:Creating package descriptor '/root/catkin_ws/install/pavlov/share/pavlov/package.dsv'
[0.705s] INFO:colcon.colcon_core.shell:Creating package script '/root/catkin_ws/install/pavlov/share/pavlov/package.sh'
[0.708s] INFO:colcon.colcon_core.shell:Creating package script '/root/catkin_ws/install/pavlov/share/pavlov/package.bash'
[0.710s] INFO:colcon.colcon_core.shell:Creating package script '/root/catkin_ws/install/pavlov/share/pavlov/package.zsh'
[0.714s] Level 1:colcon.colcon_core.environment:create_file_with_runtime_dependencies(/root/catkin_ws/install/pavlov/share/colcon-core/packages/pavlov)
[0.776s] Level 1:colcon.colcon_core.environment:create_environment_scripts_only(pavlov)
[0.776s] Level 1:colcon.colcon_core.environment:checking '/root/catkin_ws/install/pavlov' for CMake module files
[0.777s] Level 1:colcon.colcon_core.environment:checking '/root/catkin_ws/install/pavlov' for CMake config files
[0.777s] Level 1:colcon.colcon_core.shell:create_environment_hook('pavlov', 'cmake_prefix_path')
[0.777s] INFO:colcon.colcon_core.shell:Creating environment hook '/root/catkin_ws/install/pavlov/share/pavlov/hook/cmake_prefix_path.ps1'
[0.779s] INFO:colcon.colcon_core.shell:Creating environment descriptor '/root/catkin_ws/install/pavlov/share/pavlov/hook/cmake_prefix_path.dsv'
[0.780s] INFO:colcon.colcon_core.shell:Creating environment hook '/root/catkin_ws/install/pavlov/share/pavlov/hook/cmake_prefix_path.sh'
[0.781s] Level 1:colcon.colcon_core.environment:checking '/root/catkin_ws/install/pavlov/lib'
[0.781s] Level 1:colcon.colcon_core.environment:checking '/root/catkin_ws/install/pavlov/bin'
[0.781s] Level 1:colcon.colcon_core.environment:checking '/root/catkin_ws/install/pavlov/lib/pkgconfig/pavlov.pc'
[0.782s] Level 1:colcon.colcon_core.environment:checking '/root/catkin_ws/install/pavlov/lib/python3.10/site-packages'
[0.782s] Level 1:colcon.colcon_core.environment:checking '/root/catkin_ws/install/pavlov/bin'
[0.783s] INFO:colcon.colcon_core.shell:Creating package script '/root/catkin_ws/install/pavlov/share/pavlov/package.ps1'
[0.784s] INFO:colcon.colcon_core.shell:Creating package descriptor '/root/catkin_ws/install/pavlov/share/pavlov/package.dsv'
[0.785s] INFO:colcon.colcon_core.shell:Creating package script '/root/catkin_ws/install/pavlov/share/pavlov/package.sh'
[0.787s] INFO:colcon.colcon_core.shell:Creating package script '/root/catkin_ws/install/pavlov/share/pavlov/package.bash'
[0.788s] INFO:colcon.colcon_core.shell:Creating package script '/root/catkin_ws/install/pavlov/share/pavlov/package.zsh'
[0.789s] Level 1:colcon.colcon_core.environment:create_file_with_runtime_dependencies(/root/catkin_ws/install/pavlov/share/colcon-core/packages/pavlov)
[0.790s] DEBUG:colcon.colcon_parallel_executor.executor.parallel:closing loop
[0.790s] DEBUG:colcon.colcon_parallel_executor.executor.parallel:loop closed
[0.792s] DEBUG:colcon.colcon_parallel_executor.executor.parallel:run_until_complete finished with '0'
[0.793s] DEBUG:colcon.colcon_core.event_reactor:joining thread
[0.800s] INFO:colcon.colcon_core.plugin_system:Skipping extension 'colcon_notification.desktop_notification.terminal_notifier': Not used on non-Darwin systems
[0.805s] INFO:colcon.colcon_core.plugin_system:Skipping extension 'colcon_notification.desktop_notification.win32': Not used on non-Windows systems
[0.805s] INFO:colcon.colcon_notification.desktop_notification:Sending desktop notification using 'notify2'
[0.810s] DEBUG:colcon.colcon_notification.desktop_notification.notify2:Failed to initialize notify2: org.freedesktop.DBus.Error.Spawn.ExecFailed: /usr/bin/dbus-launch terminated abnormally without any error message
[0.810s] DEBUG:colcon.colcon_core.event_reactor:joined thread
[0.812s] INFO:colcon.colcon_core.shell:Creating prefix script '/root/catkin_ws/install/local_setup.ps1'
[0.814s] INFO:colcon.colcon_core.shell:Creating prefix util module '/root/catkin_ws/install/_local_setup_util_ps1.py'
[0.817s] INFO:colcon.colcon_core.shell:Creating prefix chain script '/root/catkin_ws/install/setup.ps1'
[0.822s] INFO:colcon.colcon_core.shell:Creating prefix script '/root/catkin_ws/install/local_setup.sh'
[0.825s] INFO:colcon.colcon_core.shell:Creating prefix util module '/root/catkin_ws/install/_local_setup_util_sh.py'
[0.827s] INFO:colcon.colcon_core.shell:Creating prefix chain script '/root/catkin_ws/install/setup.sh'
[0.830s] INFO:colcon.colcon_core.shell:Creating prefix script '/root/catkin_ws/install/local_setup.bash'
[0.832s] INFO:colcon.colcon_core.shell:Creating prefix chain script '/root/catkin_ws/install/setup.bash'
[0.834s] INFO:colcon.colcon_core.shell:Creating prefix script '/root/catkin_ws/install/local_setup.zsh'
[0.842s] INFO:colcon.colcon_core.shell:Creating prefix chain script '/root/catkin_ws/install/setup.zsh'
