[0.029s] Invoking command in '/root/catkin_ws/build/pavlov': CMAKE_PREFIX_PATH=/opt/ros/humble /usr/bin/cmake --build /root/catkin_ws/build/pavlov -- -j2 -l2
[0.174s] Invoked command in '/root/catkin_ws/build/pavlov' returned '0': CMAKE_PREFIX_PATH=/opt/ros/humble /usr/bin/cmake --build /root/catkin_ws/build/pavlov -- -j2 -l2
[0.266s] Invoking command in '/root/catkin_ws/build/pavlov': CMAKE_PREFIX_PATH=/opt/ros/humble /usr/bin/cmake --install /root/catkin_ws/build/pavlov
[0.281s] -- Install configuration: ""
[0.282s] -- Up-to-date: /root/catkin_ws/install/pavlov/share/ament_index/resource_index/package_run_dependencies/pavlov
[0.282s] -- Up-to-date: /root/catkin_ws/install/pavlov/share/ament_index/resource_index/parent_prefix_path/pavlov
[0.282s] -- Up-to-date: /root/catkin_ws/install/pavlov/share/pavlov/environment/ament_prefix_path.sh
[0.282s] -- Up-to-date: /root/catkin_ws/install/pavlov/share/pavlov/environment/ament_prefix_path.dsv
[0.283s] -- Up-to-date: /root/catkin_ws/install/pavlov/share/pavlov/environment/path.sh
[0.283s] -- Up-to-date: /root/catkin_ws/install/pavlov/share/pavlov/environment/path.dsv
[0.283s] -- Up-to-date: /root/catkin_ws/install/pavlov/share/pavlov/local_setup.bash
[0.284s] -- Up-to-date: /root/catkin_ws/install/pavlov/share/pavlov/local_setup.sh
[0.284s] -- Up-to-date: /root/catkin_ws/install/pavlov/share/pavlov/local_setup.zsh
[0.284s] -- Up-to-date: /root/catkin_ws/install/pavlov/share/pavlov/local_setup.dsv
[0.284s] -- Up-to-date: /root/catkin_ws/install/pavlov/share/pavlov/package.dsv
[0.285s] -- Up-to-date: /root/catkin_ws/install/pavlov/share/ament_index/resource_index/packages/pavlov
[0.286s] -- Up-to-date: /root/catkin_ws/install/pavlov/share/pavlov/cmake/pavlovConfig.cmake
[0.286s] -- Up-to-date: /root/catkin_ws/install/pavlov/share/pavlov/cmake/pavlovConfig-version.cmake
[0.287s] -- Up-to-date: /root/catkin_ws/install/pavlov/share/pavlov/package.xml
[0.291s] Invoked command in '/root/catkin_ws/build/pavlov' returned '0': CMAKE_PREFIX_PATH=/opt/ros/humble /usr/bin/cmake --install /root/catkin_ws/build/pavlov
