[0.032s] Invoking command in '/root/catkin_ws/build/pavlov': CMAKE_PREFIX_PATH=${CMAKE_PREFIX_PATH}:/opt/ros/humble /usr/bin/cmake --build /root/catkin_ws/build/pavlov -- -j2 -l2
[0.114s] -- Found ament_cmake: 1.3.8 (/opt/ros/humble/share/ament_cmake/cmake)
[0.390s] -- Found ament_lint_auto: 0.12.10 (/opt/ros/humble/share/ament_lint_auto/cmake)
[0.518s] -- Added test 'flake8' to check Python code syntax and style conventions
[0.519s] -- Added test 'lint_cmake' to check CMake code style
[0.520s] -- Added test 'pep257' to check Python code against some of the docstring style conventions in PEP 257
[0.523s] -- Added test 'xmllint' to check XML markup files
[0.528s] -- Configuring done
[0.544s] -- Generating done
[0.552s] -- Build files have been written to: /root/catkin_ws/build/pavlov
[0.604s] Invoked command in '/root/catkin_ws/build/pavlov' returned '0': CMAKE_PREFIX_PATH=${CMAKE_PREFIX_PATH}:/opt/ros/humble /usr/bin/cmake --build /root/catkin_ws/build/pavlov -- -j2 -l2
[0.678s] Invoking command in '/root/catkin_ws/build/pavlov': CMAKE_PREFIX_PATH=${CMAKE_PREFIX_PATH}:/opt/ros/humble /usr/bin/cmake --install /root/catkin_ws/build/pavlov
[0.692s] -- Install configuration: ""
[0.693s] -- Installing: /root/catkin_ws/install/pavlov/share/ament_index/resource_index/package_run_dependencies/pavlov
[0.694s] -- Installing: /root/catkin_ws/install/pavlov/share/ament_index/resource_index/parent_prefix_path/pavlov
[0.695s] -- Up-to-date: /root/catkin_ws/install/pavlov/share/pavlov/environment/ament_prefix_path.sh
[0.695s] -- Installing: /root/catkin_ws/install/pavlov/share/pavlov/environment/ament_prefix_path.dsv
[0.696s] -- Up-to-date: /root/catkin_ws/install/pavlov/share/pavlov/environment/path.sh
[0.697s] -- Installing: /root/catkin_ws/install/pavlov/share/pavlov/environment/path.dsv
[0.697s] -- Up-to-date: /root/catkin_ws/install/pavlov/share/pavlov/local_setup.bash
[0.697s] -- Up-to-date: /root/catkin_ws/install/pavlov/share/pavlov/local_setup.sh
[0.698s] -- Up-to-date: /root/catkin_ws/install/pavlov/share/pavlov/local_setup.zsh
[0.698s] -- Installing: /root/catkin_ws/install/pavlov/share/pavlov/local_setup.dsv
[0.698s] -- Installing: /root/catkin_ws/install/pavlov/share/pavlov/package.dsv
[0.699s] -- Up-to-date: /root/catkin_ws/install/pavlov/share/ament_index/resource_index/packages/pavlov
[0.699s] -- Up-to-date: /root/catkin_ws/install/pavlov/share/pavlov/cmake/pavlovConfig.cmake
[0.700s] -- Up-to-date: /root/catkin_ws/install/pavlov/share/pavlov/cmake/pavlovConfig-version.cmake
[0.700s] -- Installing: /root/catkin_ws/install/pavlov/share/pavlov/package.xml
[0.706s] Invoked command in '/root/catkin_ws/build/pavlov' returned '0': CMAKE_PREFIX_PATH=${CMAKE_PREFIX_PATH}:/opt/ros/humble /usr/bin/cmake --install /root/catkin_ws/build/pavlov
