[0.012s] Invoking command in '/root/catkin_ws/build/pavlov': CMAKE_PREFIX_PATH=/opt/ros/humble /usr/bin/cmake /root/catkin_ws/src/pavlov -DCMAKE_INSTALL_PREFIX=/root/catkin_ws/install/pavlov
[0.085s] -- The C compiler identification is GNU 11.4.0
[0.154s] -- The CXX compiler identification is GNU 11.4.0
[0.163s] -- Detecting C compiler ABI info
[0.256s] -- Detecting C compiler ABI info - done
[0.263s] -- Check for working C compiler: /usr/bin/cc - skipped
[0.263s] -- Detecting C compile features
[0.263s] -- Detecting C compile features - done
[0.266s] -- Detecting CXX compiler ABI info
[0.372s] -- Detecting CXX compiler ABI info - done
[0.380s] -- Check for working CXX compiler: /usr/bin/c++ - skipped
[0.380s] -- Detecting CXX compile features
[0.380s] -- Detecting CXX compile features - done
[0.383s] -- Found ament_cmake: 1.3.8 (/opt/ros/humble/share/ament_cmake/cmake)
[0.540s] -- Found Python3: /usr/bin/python3 (found version "3.10.12") found components: Interpreter 
[0.627s] -- Found ament_lint_auto: 0.12.10 (/opt/ros/humble/share/ament_lint_auto/cmake)
[0.711s] -- Added test 'lint_cmake' to check CMake code style
[0.712s] -- Added test 'xmllint' to check XML markup files
[0.714s] -- Configuring done
[0.717s] -- Generating done
[0.718s] -- Build files have been written to: /root/catkin_ws/build/pavlov
[0.725s] Invoked command in '/root/catkin_ws/build/pavlov' returned '0': CMAKE_PREFIX_PATH=/opt/ros/humble /usr/bin/cmake /root/catkin_ws/src/pavlov -DCMAKE_INSTALL_PREFIX=/root/catkin_ws/install/pavlov
[0.725s] Invoking command in '/root/catkin_ws/build/pavlov': CMAKE_PREFIX_PATH=/opt/ros/humble /usr/bin/cmake --build /root/catkin_ws/build/pavlov -- -j2 -l2
[0.780s] Invoked command in '/root/catkin_ws/build/pavlov' returned '0': CMAKE_PREFIX_PATH=/opt/ros/humble /usr/bin/cmake --build /root/catkin_ws/build/pavlov -- -j2 -l2
[0.836s] Invoking command in '/root/catkin_ws/build/pavlov': CMAKE_PREFIX_PATH=/opt/ros/humble /usr/bin/cmake --install /root/catkin_ws/build/pavlov
[0.848s] -- Install configuration: ""
[0.848s] -- Installing: /root/catkin_ws/install/pavlov/share/ament_index/resource_index/package_run_dependencies/pavlov
[0.848s] -- Installing: /root/catkin_ws/install/pavlov/share/ament_index/resource_index/parent_prefix_path/pavlov
[0.850s] -- Installing: /root/catkin_ws/install/pavlov/share/pavlov/environment/ament_prefix_path.sh
[0.850s] -- Installing: /root/catkin_ws/install/pavlov/share/pavlov/environment/ament_prefix_path.dsv
[0.850s] -- Installing: /root/catkin_ws/install/pavlov/share/pavlov/environment/path.sh
[0.850s] -- Installing: /root/catkin_ws/install/pavlov/share/pavlov/environment/path.dsv
[0.850s] -- Installing: /root/catkin_ws/install/pavlov/share/pavlov/local_setup.bash
[0.851s] -- Installing: /root/catkin_ws/install/pavlov/share/pavlov/local_setup.sh
[0.851s] -- Installing: /root/catkin_ws/install/pavlov/share/pavlov/local_setup.zsh
[0.852s] -- Installing: /root/catkin_ws/install/pavlov/share/pavlov/local_setup.dsv
[0.852s] -- Installing: /root/catkin_ws/install/pavlov/share/pavlov/package.dsv
[0.852s] -- Installing: /root/catkin_ws/install/pavlov/share/ament_index/resource_index/packages/pavlov
[0.853s] -- Installing: /root/catkin_ws/install/pavlov/share/pavlov/cmake/pavlovConfig.cmake
[0.853s] -- Installing: /root/catkin_ws/install/pavlov/share/pavlov/cmake/pavlovConfig-version.cmake
[0.853s] -- Installing: /root/catkin_ws/install/pavlov/share/pavlov/package.xml
[0.864s] Invoked command in '/root/catkin_ws/build/pavlov' returned '0': CMAKE_PREFIX_PATH=/opt/ros/humble /usr/bin/cmake --install /root/catkin_ws/build/pavlov
